<?xml version="1.0" encoding="UTF-8"?>
<testsuite xmlns:xsi="http://www.w3.org/2001/XMLSchema-instance" xsi:noNamespaceSchemaLocation="https://maven.apache.org/surefire/maven-surefire-plugin/xsd/surefire-test-report.xsd" name="com.sid.tutorials.spring.module01.environment.setup.RunnerTest" time="5.303" tests="1" errors="0" skipped="0" failures="0">
  <properties>
    <property name="sun.desktop" value="windows"/>
    <property name="awt.toolkit" value="sun.awt.windows.WToolkit"/>
    <property name="java.specification.version" value="12"/>
    <property name="sun.cpu.isalist" value="amd64"/>
    <property name="sun.jnu.encoding" value="Cp1252"/>
    <property name="java.class.path" value="D:\Spring-Core-Boot-Interview-Question\Spring-Professional-Certification-Exam-Tutorial\MODULE-01\Question-01-What-is-dependency-injection-and-what-are-the-advantages\target\test-classes;D:\Spring-Core-Boot-Interview-Question\Spring-Professional-Certification-Exam-Tutorial\MODULE-01\Question-01-What-is-dependency-injection-and-what-are-the-advantages\target\classes;D:\local_lib\org\springframework\spring-context\5.3.3\spring-context-5.3.3.jar;D:\local_lib\org\springframework\spring-aop\5.3.3\spring-aop-5.3.3.jar;D:\local_lib\org\springframework\spring-beans\5.3.3\spring-beans-5.3.3.jar;D:\local_lib\org\springframework\spring-core\5.3.3\spring-core-5.3.3.jar;D:\local_lib\org\springframework\spring-jcl\5.3.3\spring-jcl-5.3.3.jar;D:\local_lib\org\springframework\spring-expression\5.3.3\spring-expression-5.3.3.jar;D:\local_lib\org\springframework\boot\spring-boot-starter-web\2.4.2\spring-boot-starter-web-2.4.2.jar;D:\local_lib\org\springframework\boot\spring-boot-starter\2.4.2\spring-boot-starter-2.4.2.jar;D:\local_lib\org\springframework\boot\spring-boot\2.4.2\spring-boot-2.4.2.jar;D:\local_lib\org\springframework\boot\spring-boot-autoconfigure\2.4.2\spring-boot-autoconfigure-2.4.2.jar;D:\local_lib\org\springframework\boot\spring-boot-starter-logging\2.4.2\spring-boot-starter-logging-2.4.2.jar;D:\local_lib\ch\qos\logback\logback-classic\1.2.3\logback-classic-1.2.3.jar;D:\local_lib\ch\qos\logback\logback-core\1.2.3\logback-core-1.2.3.jar;D:\local_lib\org\apache\logging\log4j\log4j-to-slf4j\2.13.3\log4j-to-slf4j-2.13.3.jar;D:\local_lib\org\apache\logging\log4j\log4j-api\2.13.3\log4j-api-2.13.3.jar;D:\local_lib\org\slf4j\jul-to-slf4j\1.7.30\jul-to-slf4j-1.7.30.jar;D:\local_lib\jakarta\annotation\jakarta.annotation-api\1.3.5\jakarta.annotation-api-1.3.5.jar;D:\local_lib\org\yaml\snakeyaml\1.27\snakeyaml-1.27.jar;D:\local_lib\org\springframework\boot\spring-boot-starter-json\2.4.2\spring-boot-starter-json-2.4.2.jar;D:\local_lib\com\fasterxml\jackson\core\jackson-databind\2.11.4\jackson-databind-2.11.4.jar;D:\local_lib\com\fasterxml\jackson\core\jackson-annotations\2.11.4\jackson-annotations-2.11.4.jar;D:\local_lib\com\fasterxml\jackson\core\jackson-core\2.11.4\jackson-core-2.11.4.jar;D:\local_lib\com\fasterxml\jackson\datatype\jackson-datatype-jdk8\2.11.4\jackson-datatype-jdk8-2.11.4.jar;D:\local_lib\com\fasterxml\jackson\datatype\jackson-datatype-jsr310\2.11.4\jackson-datatype-jsr310-2.11.4.jar;D:\local_lib\com\fasterxml\jackson\module\jackson-module-parameter-names\2.11.4\jackson-module-parameter-names-2.11.4.jar;D:\local_lib\org\springframework\boot\spring-boot-starter-tomcat\2.4.2\spring-boot-starter-tomcat-2.4.2.jar;D:\local_lib\org\apache\tomcat\embed\tomcat-embed-core\9.0.41\tomcat-embed-core-9.0.41.jar;D:\local_lib\org\glassfish\jakarta.el\3.0.3\jakarta.el-3.0.3.jar;D:\local_lib\org\apache\tomcat\embed\tomcat-embed-websocket\9.0.41\tomcat-embed-websocket-9.0.41.jar;D:\local_lib\org\springframework\spring-web\5.3.3\spring-web-5.3.3.jar;D:\local_lib\org\springframework\spring-webmvc\5.3.3\spring-webmvc-5.3.3.jar;D:\local_lib\org\springframework\boot\spring-boot-starter-test\2.4.2\spring-boot-starter-test-2.4.2.jar;D:\local_lib\org\springframework\boot\spring-boot-test\2.4.2\spring-boot-test-2.4.2.jar;D:\local_lib\org\springframework\boot\spring-boot-test-autoconfigure\2.4.2\spring-boot-test-autoconfigure-2.4.2.jar;D:\local_lib\com\jayway\jsonpath\json-path\2.4.0\json-path-2.4.0.jar;D:\local_lib\net\minidev\json-smart\2.3\json-smart-2.3.jar;D:\local_lib\net\minidev\accessors-smart\1.2\accessors-smart-1.2.jar;D:\local_lib\org\ow2\asm\asm\5.0.4\asm-5.0.4.jar;D:\local_lib\org\slf4j\slf4j-api\1.7.30\slf4j-api-1.7.30.jar;D:\local_lib\jakarta\xml\bind\jakarta.xml.bind-api\2.3.3\jakarta.xml.bind-api-2.3.3.jar;D:\local_lib\jakarta\activation\jakarta.activation-api\1.2.2\jakarta.activation-api-1.2.2.jar;D:\local_lib\org\assertj\assertj-core\3.18.1\assertj-core-3.18.1.jar;D:\local_lib\org\hamcrest\hamcrest\2.2\hamcrest-2.2.jar;D:\local_lib\org\junit\jupiter\junit-jupiter\5.7.0\junit-jupiter-5.7.0.jar;D:\local_lib\org\junit\jupiter\junit-jupiter-api\5.7.0\junit-jupiter-api-5.7.0.jar;D:\local_lib\org\apiguardian\apiguardian-api\1.1.0\apiguardian-api-1.1.0.jar;D:\local_lib\org\opentest4j\opentest4j\1.2.0\opentest4j-1.2.0.jar;D:\local_lib\org\junit\platform\junit-platform-commons\1.7.0\junit-platform-commons-1.7.0.jar;D:\local_lib\org\junit\jupiter\junit-jupiter-params\5.7.0\junit-jupiter-params-5.7.0.jar;D:\local_lib\org\junit\jupiter\junit-jupiter-engine\5.7.0\junit-jupiter-engine-5.7.0.jar;D:\local_lib\org\junit\platform\junit-platform-engine\1.7.0\junit-platform-engine-1.7.0.jar;D:\local_lib\org\mockito\mockito-junit-jupiter\3.6.28\mockito-junit-jupiter-3.6.28.jar;D:\local_lib\org\skyscreamer\jsonassert\1.5.0\jsonassert-1.5.0.jar;D:\local_lib\com\vaadin\external\google\android-json\0.0.20131108.vaadin1\android-json-0.0.20131108.vaadin1.jar;D:\local_lib\org\springframework\spring-test\5.3.3\spring-test-5.3.3.jar;D:\local_lib\org\xmlunit\xmlunit-core\2.7.0\xmlunit-core-2.7.0.jar;D:\local_lib\commons-codec\commons-codec\1.15\commons-codec-1.15.jar;D:\local_lib\javax\annotation\javax.annotation-api\1.3.2\javax.annotation-api-1.3.2.jar;D:\local_lib\org\mockito\mockito-core\3.6.28\mockito-core-3.6.28.jar;D:\local_lib\net\bytebuddy\byte-buddy\1.10.19\byte-buddy-1.10.19.jar;D:\local_lib\net\bytebuddy\byte-buddy-agent\1.10.19\byte-buddy-agent-1.10.19.jar;D:\local_lib\org\objenesis\objenesis\3.1\objenesis-3.1.jar;"/>
    <property name="java.vm.vendor" value="Oracle Corporation"/>
    <property name="sun.arch.data.model" value="64"/>
    <property name="user.variant" value=""/>
    <property name="java.vendor.url" value="https://java.oracle.com/"/>
    <property name="user.timezone" value="Asia/Calcutta"/>
    <property name="os.name" value="Windows 10"/>
    <property name="java.vm.specification.version" value="12"/>
    <property name="sun.java.launcher" value="SUN_STANDARD"/>
    <property name="user.country" value="IN"/>
    <property name="sun.boot.library.path" value="C:\Program Files\Java\jdk-12.0.2\bin"/>
    <property name="sun.java.command" value="C:\Users\Lenovo\AppData\Local\Temp\surefire4128022814290345988\surefirebooter13464461520867271493.jar C:\Users\Lenovo\AppData\Local\Temp\surefire4128022814290345988 2021-12-19T01-17-13_843-jvmRun1 surefire14190508182627516831tmp surefire_06201538312681393853tmp"/>
    <property name="jdk.debug" value="release"/>
    <property name="surefire.test.class.path" value="D:\Spring-Core-Boot-Interview-Question\Spring-Professional-Certification-Exam-Tutorial\MODULE-01\Question-01-What-is-dependency-injection-and-what-are-the-advantages\target\test-classes;D:\Spring-Core-Boot-Interview-Question\Spring-Professional-Certification-Exam-Tutorial\MODULE-01\Question-01-What-is-dependency-injection-and-what-are-the-advantages\target\classes;D:\local_lib\org\springframework\spring-context\5.3.3\spring-context-5.3.3.jar;D:\local_lib\org\springframework\spring-aop\5.3.3\spring-aop-5.3.3.jar;D:\local_lib\org\springframework\spring-beans\5.3.3\spring-beans-5.3.3.jar;D:\local_lib\org\springframework\spring-core\5.3.3\spring-core-5.3.3.jar;D:\local_lib\org\springframework\spring-jcl\5.3.3\spring-jcl-5.3.3.jar;D:\local_lib\org\springframework\spring-expression\5.3.3\spring-expression-5.3.3.jar;D:\local_lib\org\springframework\boot\spring-boot-starter-web\2.4.2\spring-boot-starter-web-2.4.2.jar;D:\local_lib\org\springframework\boot\spring-boot-starter\2.4.2\spring-boot-starter-2.4.2.jar;D:\local_lib\org\springframework\boot\spring-boot\2.4.2\spring-boot-2.4.2.jar;D:\local_lib\org\springframework\boot\spring-boot-autoconfigure\2.4.2\spring-boot-autoconfigure-2.4.2.jar;D:\local_lib\org\springframework\boot\spring-boot-starter-logging\2.4.2\spring-boot-starter-logging-2.4.2.jar;D:\local_lib\ch\qos\logback\logback-classic\1.2.3\logback-classic-1.2.3.jar;D:\local_lib\ch\qos\logback\logback-core\1.2.3\logback-core-1.2.3.jar;D:\local_lib\org\apache\logging\log4j\log4j-to-slf4j\2.13.3\log4j-to-slf4j-2.13.3.jar;D:\local_lib\org\apache\logging\log4j\log4j-api\2.13.3\log4j-api-2.13.3.jar;D:\local_lib\org\slf4j\jul-to-slf4j\1.7.30\jul-to-slf4j-1.7.30.jar;D:\local_lib\jakarta\annotation\jakarta.annotation-api\1.3.5\jakarta.annotation-api-1.3.5.jar;D:\local_lib\org\yaml\snakeyaml\1.27\snakeyaml-1.27.jar;D:\local_lib\org\springframework\boot\spring-boot-starter-json\2.4.2\spring-boot-starter-json-2.4.2.jar;D:\local_lib\com\fasterxml\jackson\core\jackson-databind\2.11.4\jackson-databind-2.11.4.jar;D:\local_lib\com\fasterxml\jackson\core\jackson-annotations\2.11.4\jackson-annotations-2.11.4.jar;D:\local_lib\com\fasterxml\jackson\core\jackson-core\2.11.4\jackson-core-2.11.4.jar;D:\local_lib\com\fasterxml\jackson\datatype\jackson-datatype-jdk8\2.11.4\jackson-datatype-jdk8-2.11.4.jar;D:\local_lib\com\fasterxml\jackson\datatype\jackson-datatype-jsr310\2.11.4\jackson-datatype-jsr310-2.11.4.jar;D:\local_lib\com\fasterxml\jackson\module\jackson-module-parameter-names\2.11.4\jackson-module-parameter-names-2.11.4.jar;D:\local_lib\org\springframework\boot\spring-boot-starter-tomcat\2.4.2\spring-boot-starter-tomcat-2.4.2.jar;D:\local_lib\org\apache\tomcat\embed\tomcat-embed-core\9.0.41\tomcat-embed-core-9.0.41.jar;D:\local_lib\org\glassfish\jakarta.el\3.0.3\jakarta.el-3.0.3.jar;D:\local_lib\org\apache\tomcat\embed\tomcat-embed-websocket\9.0.41\tomcat-embed-websocket-9.0.41.jar;D:\local_lib\org\springframework\spring-web\5.3.3\spring-web-5.3.3.jar;D:\local_lib\org\springframework\spring-webmvc\5.3.3\spring-webmvc-5.3.3.jar;D:\local_lib\org\springframework\boot\spring-boot-starter-test\2.4.2\spring-boot-starter-test-2.4.2.jar;D:\local_lib\org\springframework\boot\spring-boot-test\2.4.2\spring-boot-test-2.4.2.jar;D:\local_lib\org\springframework\boot\spring-boot-test-autoconfigure\2.4.2\spring-boot-test-autoconfigure-2.4.2.jar;D:\local_lib\com\jayway\jsonpath\json-path\2.4.0\json-path-2.4.0.jar;D:\local_lib\net\minidev\json-smart\2.3\json-smart-2.3.jar;D:\local_lib\net\minidev\accessors-smart\1.2\accessors-smart-1.2.jar;D:\local_lib\org\ow2\asm\asm\5.0.4\asm-5.0.4.jar;D:\local_lib\org\slf4j\slf4j-api\1.7.30\slf4j-api-1.7.30.jar;D:\local_lib\jakarta\xml\bind\jakarta.xml.bind-api\2.3.3\jakarta.xml.bind-api-2.3.3.jar;D:\local_lib\jakarta\activation\jakarta.activation-api\1.2.2\jakarta.activation-api-1.2.2.jar;D:\local_lib\org\assertj\assertj-core\3.18.1\assertj-core-3.18.1.jar;D:\local_lib\org\hamcrest\hamcrest\2.2\hamcrest-2.2.jar;D:\local_lib\org\junit\jupiter\junit-jupiter\5.7.0\junit-jupiter-5.7.0.jar;D:\local_lib\org\junit\jupiter\junit-jupiter-api\5.7.0\junit-jupiter-api-5.7.0.jar;D:\local_lib\org\apiguardian\apiguardian-api\1.1.0\apiguardian-api-1.1.0.jar;D:\local_lib\org\opentest4j\opentest4j\1.2.0\opentest4j-1.2.0.jar;D:\local_lib\org\junit\platform\junit-platform-commons\1.7.0\junit-platform-commons-1.7.0.jar;D:\local_lib\org\junit\jupiter\junit-jupiter-params\5.7.0\junit-jupiter-params-5.7.0.jar;D:\local_lib\org\junit\jupiter\junit-jupiter-engine\5.7.0\junit-jupiter-engine-5.7.0.jar;D:\local_lib\org\junit\platform\junit-platform-engine\1.7.0\junit-platform-engine-1.7.0.jar;D:\local_lib\org\mockito\mockito-junit-jupiter\3.6.28\mockito-junit-jupiter-3.6.28.jar;D:\local_lib\org\skyscreamer\jsonassert\1.5.0\jsonassert-1.5.0.jar;D:\local_lib\com\vaadin\external\google\android-json\0.0.20131108.vaadin1\android-json-0.0.20131108.vaadin1.jar;D:\local_lib\org\springframework\spring-test\5.3.3\spring-test-5.3.3.jar;D:\local_lib\org\xmlunit\xmlunit-core\2.7.0\xmlunit-core-2.7.0.jar;D:\local_lib\commons-codec\commons-codec\1.15\commons-codec-1.15.jar;D:\local_lib\javax\annotation\javax.annotation-api\1.3.2\javax.annotation-api-1.3.2.jar;D:\local_lib\org\mockito\mockito-core\3.6.28\mockito-core-3.6.28.jar;D:\local_lib\net\bytebuddy\byte-buddy\1.10.19\byte-buddy-1.10.19.jar;D:\local_lib\net\bytebuddy\byte-buddy-agent\1.10.19\byte-buddy-agent-1.10.19.jar;D:\local_lib\org\objenesis\objenesis\3.1\objenesis-3.1.jar;"/>
    <property name="sun.cpu.endian" value="little"/>
    <property name="user.home" value="C:\Users\Lenovo"/>
    <property name="user.language" value="en"/>
    <property name="java.specification.vendor" value="Oracle Corporation"/>
    <property name="java.version.date" value="2019-07-16"/>
    <property name="java.home" value="C:\Program Files\Java\jdk-12.0.2"/>
    <property name="file.separator" value="\"/>
    <property name="basedir" value="D:\Spring-Core-Boot-Interview-Question\Spring-Professional-Certification-Exam-Tutorial\MODULE-01\Question-01-What-is-dependency-injection-and-what-are-the-advantages"/>
    <property name="java.vm.compressedOopsMode" value="Zero based"/>
    <property name="line.separator" value="&#10;"/>
    <property name="java.vm.specification.vendor" value="Oracle Corporation"/>
    <property name="java.specification.name" value="Java Platform API Specification"/>
    <property name="java.awt.graphicsenv" value="sun.awt.Win32GraphicsEnvironment"/>
    <property name="surefire.real.class.path" value="C:\Users\Lenovo\AppData\Local\Temp\surefire4128022814290345988\surefirebooter13464461520867271493.jar"/>
    <property name="user.script" value=""/>
    <property name="sun.management.compiler" value="HotSpot 64-Bit Tiered Compilers"/>
    <property name="java.runtime.version" value="12.0.2+10"/>
    <property name="user.name" value="Lenovo"/>
    <property name="path.separator" value=";"/>
    <property name="os.version" value="10.0"/>
    <property name="java.runtime.name" value="Java(TM) SE Runtime Environment"/>
    <property name="file.encoding" value="Cp1252"/>
    <property name="java.vm.name" value="Java HotSpot(TM) 64-Bit Server VM"/>
    <property name="localRepository" value="D:\local_lib"/>
    <property name="java.vendor.url.bug" value="https://bugreport.java.com/bugreport/"/>
    <property name="java.io.tmpdir" value="C:\Users\Lenovo\AppData\Local\Temp\"/>
    <property name="java.version" value="12.0.2"/>
    <property name="user.dir" value="D:\Spring-Core-Boot-Interview-Question\Spring-Professional-Certification-Exam-Tutorial\MODULE-01\Question-01-What-is-dependency-injection-and-what-are-the-advantages"/>
    <property name="os.arch" value="amd64"/>
    <property name="java.vm.specification.name" value="Java Virtual Machine Specification"/>
    <property name="sun.os.patch.level" value=""/>
    <property name="java.library.path" value="C:\Program Files\Java\jdk-12.0.2\bin;C:\WINDOWS\Sun\Java\bin;C:\WINDOWS\system32;C:\WINDOWS;C:/Program Files/Java/jdk-12.0.2/bin/server;C:/Program Files/Java/jdk-12.0.2/bin;C:\Python39\Scripts\;C:\Python39\;C:\WINDOWS\system32;C:\WINDOWS;C:\WINDOWS\System32\Wbem;C:\WINDOWS\System32\WindowsPowerShell\v1.0\;C:\WINDOWS\System32\OpenSSH\;C:\Program Files\Java\jdk-12.0.2\bin;C:\Program Files\Maven\apache-maven-3.6.2-bin\apache-maven-3.6.2\bin;C:\Program Files\Java\jdk-12.0.2\bin;C:\Program Files (x86)\WinMerge;C:\Program Files\Git\cmd;C:\Program Files (x86)\Yarn\bin\;C:\ProgramData\chocolatey\bin;C:\Program Files\nodejs\;C:\proto3\bin;C:\Program Files\Gradle\gradle-7.1.1-bin\gradle-7.1.1\bin;C:\Program Files\curl-7.72.0_3-win64-mingw\curl-7.72.0-win64-mingw\bin;C:\Program Files\MySQL\MySQL Shell 8.0\bin\;C:\Users\Lenovo\AppData\Local\Microsoft\WindowsApps;C:\Program Files\Docker Toolbox;C:\Users\Lenovo\AppData\Local\Yarn\bin;;C:\Users\Lenovo\AppData\Local\Programs\Microsoft VS Code\bin;C:\Users\Lenovo\AppData\Roaming\npm;C:\Users\Lenovo\Desktop;;."/>
    <property name="java.vm.info" value="mixed mode, sharing"/>
    <property name="java.vendor" value="Oracle Corporation"/>
    <property name="java.vm.version" value="12.0.2+10"/>
    <property name="sun.io.unicode.encoding" value="UnicodeLittle"/>
    <property name="java.class.version" value="56.0"/>
  </properties>
  <testcase name="test" classname="com.sid.tutorials.spring.module01.environment.setup.RunnerTest" time="0.8"/>
</testsuite>